2024-05-11 20:17:38 0 [Note] Starting MariaDB 10.4.32-MariaDB source revision c4143f909528e3fab0677a28631d10389354c491 as process 8344
2024-05-11 20:17:38 0 [Note] InnoDB: Mutexes and rw_locks use Windows interlocked functions
2024-05-11 20:17:38 0 [Note] InnoDB: Uses event mutexes
2024-05-11 20:17:38 0 [Note] InnoDB: Compressed tables use zlib 1.3
2024-05-11 20:17:38 0 [Note] InnoDB: Number of pools: 1
2024-05-11 20:17:38 0 [Note] InnoDB: Using SSE2 crc32 instructions
2024-05-11 20:17:38 0 [Note] InnoDB: Initializing buffer pool, total size = 16M, instances = 1, chunk size = 16M
2024-05-11 20:17:38 0 [Note] InnoDB: Completed initialization of buffer pool
2024-05-11 20:17:38 0 [Note] InnoDB: Starting crash recovery from checkpoint LSN=300288
2024-05-11 20:17:38 0 [Note] InnoDB: 128 out of 128 rollback segments are active.
2024-05-11 20:17:38 0 [Note] InnoDB: Removed temporary tablespace data file: "ibtmp1"
2024-05-11 20:17:38 0 [Note] InnoDB: Creating shared tablespace for temporary tables
2024-05-11 20:17:38 0 [Note] InnoDB: Setting file 'D:\proXAMPP\mysql\data\ibtmp1' size to 12 MB. Physically writing the file full; Please wait ...
2024-05-11 20:17:38 0 [Note] InnoDB: File 'D:\proXAMPP\mysql\data\ibtmp1' size is now 12 MB.
2024-05-11 20:17:38 0 [Note] InnoDB: Waiting for purge to start
2024-05-11 20:17:39 0 [Note] InnoDB: 10.4.32 started; log sequence number 300297; transaction id 170
2024-05-11 20:17:39 0 [Note] InnoDB: Loading buffer pool(s) from D:\proXAMPP\mysql\data\ib_buffer_pool
2024-05-11 20:17:39 0 [Note] Plugin 'FEEDBACK' is disabled.
2024-05-11 20:17:39 0 [Note] Server socket created on IP: '::'.
2024-05-11 20:39:30 0 [Note] Starting MariaDB 10.4.32-MariaDB source revision c4143f909528e3fab0677a28631d10389354c491 as process 11292
2024-05-11 20:39:30 0 [Note] InnoDB: Mutexes and rw_locks use Windows interlocked functions
2024-05-11 20:39:30 0 [Note] InnoDB: Uses event mutexes
2024-05-11 20:39:30 0 [Note] InnoDB: Compressed tables use zlib 1.3
2024-05-11 20:39:30 0 [Note] InnoDB: Number of pools: 1
2024-05-11 20:39:30 0 [Note] InnoDB: Using SSE2 crc32 instructions
2024-05-11 20:39:30 0 [Note] InnoDB: Initializing buffer pool, total size = 16M, instances = 1, chunk size = 16M
2024-05-11 20:39:30 0 [Note] InnoDB: Completed initialization of buffer pool
2024-05-11 20:39:30 0 [Note] InnoDB: Starting crash recovery from checkpoint LSN=300306
2024-05-11 20:39:31 0 [Note] InnoDB: 128 out of 128 rollback segments are active.
2024-05-11 20:39:31 0 [Note] InnoDB: Removed temporary tablespace data file: "ibtmp1"
2024-05-11 20:39:31 0 [Note] InnoDB: Creating shared tablespace for temporary tables
2024-05-11 20:39:31 0 [Note] InnoDB: Setting file 'D:\proXAMPP\mysql\data\ibtmp1' size to 12 MB. Physically writing the file full; Please wait ...
2024-05-11 20:39:31 0 [Note] InnoDB: File 'D:\proXAMPP\mysql\data\ibtmp1' size is now 12 MB.
2024-05-11 20:39:31 0 [Note] InnoDB: Waiting for purge to start
2024-05-11 20:39:31 0 [Note] InnoDB: 10.4.32 started; log sequence number 300315; transaction id 170
2024-05-11 20:39:31 0 [Note] InnoDB: Loading buffer pool(s) from D:\proXAMPP\mysql\data\ib_buffer_pool
2024-05-11 20:39:31 0 [Note] Plugin 'FEEDBACK' is disabled.
2024-05-11 20:39:31 0 [Note] InnoDB: Buffer pool(s) load completed at 240511 20:39:31
2024-05-11 20:39:31 0 [Note] Server socket created on IP: '::'.
2024-05-12 10:04:38 0 [Note] Starting MariaDB 10.4.32-MariaDB source revision c4143f909528e3fab0677a28631d10389354c491 as process 10020
2024-05-12 10:04:38 0 [Note] InnoDB: Mutexes and rw_locks use Windows interlocked functions
2024-05-12 10:04:38 0 [Note] InnoDB: Uses event mutexes
2024-05-12 10:04:38 0 [Note] InnoDB: Compressed tables use zlib 1.3
2024-05-12 10:04:38 0 [Note] InnoDB: Number of pools: 1
2024-05-12 10:04:38 0 [Note] InnoDB: Using SSE2 crc32 instructions
2024-05-12 10:04:38 0 [Note] InnoDB: Initializing buffer pool, total size = 16M, instances = 1, chunk size = 16M
2024-05-12 10:04:38 0 [Note] InnoDB: Completed initialization of buffer pool
2024-05-12 10:04:38 0 [Note] InnoDB: Starting crash recovery from checkpoint LSN=300324
2024-05-12 10:04:38 0 [Note] InnoDB: 128 out of 128 rollback segments are active.
2024-05-12 10:04:38 0 [Note] InnoDB: Removed temporary tablespace data file: "ibtmp1"
2024-05-12 10:04:38 0 [Note] InnoDB: Creating shared tablespace for temporary tables
2024-05-12 10:04:38 0 [Note] InnoDB: Setting file 'D:\proXAMPP\mysql\data\ibtmp1' size to 12 MB. Physically writing the file full; Please wait ...
2024-05-12 10:04:38 0 [Note] InnoDB: File 'D:\proXAMPP\mysql\data\ibtmp1' size is now 12 MB.
2024-05-12 10:04:38 0 [Note] InnoDB: Waiting for purge to start
2024-05-12 10:04:38 0 [Note] InnoDB: 10.4.32 started; log sequence number 300333; transaction id 170
2024-05-12 10:04:38 0 [Note] InnoDB: Loading buffer pool(s) from D:\proXAMPP\mysql\data\ib_buffer_pool
2024-05-12 10:04:38 0 [Note] Plugin 'FEEDBACK' is disabled.
2024-05-12 10:04:38 0 [Note] InnoDB: Buffer pool(s) load completed at 240512 10:04:38
2024-05-12 10:04:38 0 [Note] Server socket created on IP: '::'.
2024-05-14 20:38:43 0 [Note] Starting MariaDB 10.4.32-MariaDB source revision c4143f909528e3fab0677a28631d10389354c491 as process 10248
2024-05-14 20:38:43 0 [Note] InnoDB: Mutexes and rw_locks use Windows interlocked functions
2024-05-14 20:38:43 0 [Note] InnoDB: Uses event mutexes
2024-05-14 20:38:43 0 [Note] InnoDB: Compressed tables use zlib 1.3
2024-05-14 20:38:43 0 [Note] InnoDB: Number of pools: 1
2024-05-14 20:38:43 0 [Note] InnoDB: Using SSE2 crc32 instructions
2024-05-14 20:38:43 0 [Note] InnoDB: Initializing buffer pool, total size = 16M, instances = 1, chunk size = 16M
2024-05-14 20:38:43 0 [Note] InnoDB: Completed initialization of buffer pool
2024-05-14 20:38:43 0 [Note] InnoDB: Starting crash recovery from checkpoint LSN=300342
2024-05-14 20:38:44 0 [Note] InnoDB: 128 out of 128 rollback segments are active.
2024-05-14 20:38:44 0 [Note] InnoDB: Removed temporary tablespace data file: "ibtmp1"
2024-05-14 20:38:44 0 [Note] InnoDB: Creating shared tablespace for temporary tables
2024-05-14 20:38:44 0 [Note] InnoDB: Setting file 'D:\proXAMPP\mysql\data\ibtmp1' size to 12 MB. Physically writing the file full; Please wait ...
2024-05-14 20:38:44 0 [Note] InnoDB: File 'D:\proXAMPP\mysql\data\ibtmp1' size is now 12 MB.
2024-05-14 20:38:44 0 [Note] InnoDB: Waiting for purge to start
2024-05-14 20:38:44 0 [Note] InnoDB: 10.4.32 started; log sequence number 300351; transaction id 170
2024-05-14 20:38:44 0 [Note] InnoDB: Loading buffer pool(s) from D:\proXAMPP\mysql\data\ib_buffer_pool
2024-05-14 20:38:44 0 [Note] Plugin 'FEEDBACK' is disabled.
2024-05-14 20:38:44 0 [Note] InnoDB: Buffer pool(s) load completed at 240514 20:38:44
2024-05-14 20:38:44 0 [Note] Server socket created on IP: '::'.
2024-05-16 19:04:36 0 [Note] Starting MariaDB 10.4.32-MariaDB source revision c4143f909528e3fab0677a28631d10389354c491 as process 13256
2024-05-16 19:04:36 0 [Note] InnoDB: Mutexes and rw_locks use Windows interlocked functions
2024-05-16 19:04:36 0 [Note] InnoDB: Uses event mutexes
2024-05-16 19:04:36 0 [Note] InnoDB: Compressed tables use zlib 1.3
2024-05-16 19:04:36 0 [Note] InnoDB: Number of pools: 1
2024-05-16 19:04:36 0 [Note] InnoDB: Using SSE2 crc32 instructions
2024-05-16 19:04:36 0 [Note] InnoDB: Initializing buffer pool, total size = 16M, instances = 1, chunk size = 16M
2024-05-16 19:04:36 0 [Note] InnoDB: Completed initialization of buffer pool
2024-05-16 19:04:36 0 [Note] InnoDB: Starting crash recovery from checkpoint LSN=300360
2024-05-16 19:04:36 0 [Note] InnoDB: 128 out of 128 rollback segments are active.
2024-05-16 19:04:36 0 [Note] InnoDB: Removed temporary tablespace data file: "ibtmp1"
2024-05-16 19:04:36 0 [Note] InnoDB: Creating shared tablespace for temporary tables
2024-05-16 19:04:36 0 [Note] InnoDB: Setting file 'D:\proXAMPP\mysql\data\ibtmp1' size to 12 MB. Physically writing the file full; Please wait ...
2024-05-16 19:04:36 0 [Note] InnoDB: File 'D:\proXAMPP\mysql\data\ibtmp1' size is now 12 MB.
2024-05-16 19:04:36 0 [Note] InnoDB: Waiting for purge to start
2024-05-16 19:04:36 0 [Note] InnoDB: 10.4.32 started; log sequence number 300369; transaction id 170
2024-05-16 19:04:36 0 [Note] InnoDB: Loading buffer pool(s) from D:\proXAMPP\mysql\data\ib_buffer_pool
2024-05-16 19:04:36 0 [Note] Plugin 'FEEDBACK' is disabled.
2024-05-16 19:04:36 0 [Note] InnoDB: Buffer pool(s) load completed at 240516 19:04:36
2024-05-16 19:04:36 0 [Note] Server socket created on IP: '::'.
2024-05-16 19:21:41 0 [Note] Starting MariaDB 10.4.32-MariaDB source revision c4143f909528e3fab0677a28631d10389354c491 as process 18144
2024-05-16 19:21:42 0 [Note] InnoDB: Mutexes and rw_locks use Windows interlocked functions
2024-05-16 19:21:42 0 [Note] InnoDB: Uses event mutexes
2024-05-16 19:21:42 0 [Note] InnoDB: Compressed tables use zlib 1.3
2024-05-16 19:21:42 0 [Note] InnoDB: Number of pools: 1
2024-05-16 19:21:42 0 [Note] InnoDB: Using SSE2 crc32 instructions
2024-05-16 19:21:42 0 [Note] InnoDB: Initializing buffer pool, total size = 16M, instances = 1, chunk size = 16M
2024-05-16 19:21:42 0 [Note] InnoDB: Completed initialization of buffer pool
2024-05-16 19:21:42 0 [Note] InnoDB: Starting crash recovery from checkpoint LSN=300360
2024-05-16 19:21:42 0 [Note] InnoDB: 128 out of 128 rollback segments are active.
2024-05-16 19:21:42 0 [Note] InnoDB: Removed temporary tablespace data file: "ibtmp1"
2024-05-16 19:21:42 0 [Note] InnoDB: Creating shared tablespace for temporary tables
2024-05-16 19:21:42 0 [Note] InnoDB: Setting file 'D:\proXAMPP\mysql\data\ibtmp1' size to 12 MB. Physically writing the file full; Please wait ...
2024-05-16 19:21:42 0 [Note] InnoDB: File 'D:\proXAMPP\mysql\data\ibtmp1' size is now 12 MB.
2024-05-16 19:21:42 0 [Note] InnoDB: Waiting for purge to start
2024-05-16 19:21:42 0 [Note] InnoDB: 10.4.32 started; log sequence number 300369; transaction id 170
2024-05-16 19:21:42 0 [Note] InnoDB: Loading buffer pool(s) from D:\proXAMPP\mysql\data\ib_buffer_pool
2024-05-16 19:21:42 0 [Note] Plugin 'FEEDBACK' is disabled.
2024-05-16 19:21:42 0 [Note] InnoDB: Buffer pool(s) load completed at 240516 19:21:42
2024-05-16 19:21:42 0 [Note] Server socket created on IP: '::'.
2024-05-21 20:49:21 0 [Note] Starting MariaDB 10.4.32-MariaDB source revision c4143f909528e3fab0677a28631d10389354c491 as process 13616
2024-05-21 20:49:21 0 [Note] InnoDB: Mutexes and rw_locks use Windows interlocked functions
2024-05-21 20:49:21 0 [Note] InnoDB: Uses event mutexes
2024-05-21 20:49:21 0 [Note] InnoDB: Compressed tables use zlib 1.3
2024-05-21 20:49:21 0 [Note] InnoDB: Number of pools: 1
2024-05-21 20:49:21 0 [Note] InnoDB: Using SSE2 crc32 instructions
2024-05-21 20:49:21 0 [Note] InnoDB: Initializing buffer pool, total size = 16M, instances = 1, chunk size = 16M
2024-05-21 20:49:21 0 [Note] InnoDB: Completed initialization of buffer pool
2024-05-21 20:49:21 0 [Note] InnoDB: Starting crash recovery from checkpoint LSN=300378
2024-05-21 20:49:21 0 [Note] InnoDB: 128 out of 128 rollback segments are active.
2024-05-21 20:49:21 0 [Note] InnoDB: Removed temporary tablespace data file: "ibtmp1"
2024-05-21 20:49:21 0 [Note] InnoDB: Creating shared tablespace for temporary tables
2024-05-21 20:49:21 0 [Note] InnoDB: Setting file 'D:\proXAMPP\mysql\data\ibtmp1' size to 12 MB. Physically writing the file full; Please wait ...
2024-05-21 20:49:21 0 [Note] InnoDB: File 'D:\proXAMPP\mysql\data\ibtmp1' size is now 12 MB.
2024-05-21 20:49:21 0 [Note] InnoDB: Waiting for purge to start
2024-05-21 20:49:21 0 [Note] InnoDB: 10.4.32 started; log sequence number 300387; transaction id 170
2024-05-21 20:49:21 0 [Note] InnoDB: Loading buffer pool(s) from D:\proXAMPP\mysql\data\ib_buffer_pool
2024-05-21 20:49:21 0 [Note] Plugin 'FEEDBACK' is disabled.
2024-05-21 20:49:21 0 [Note] InnoDB: Buffer pool(s) load completed at 240521 20:49:21
2024-05-21 20:49:21 0 [Note] Server socket created on IP: '::'.
2024-05-22 22:29:30 0 [Note] Starting MariaDB 10.4.32-MariaDB source revision c4143f909528e3fab0677a28631d10389354c491 as process 4768
2024-05-22 22:29:30 0 [Note] InnoDB: Mutexes and rw_locks use Windows interlocked functions
2024-05-22 22:29:30 0 [Note] InnoDB: Uses event mutexes
2024-05-22 22:29:30 0 [Note] InnoDB: Compressed tables use zlib 1.3
2024-05-22 22:29:30 0 [Note] InnoDB: Number of pools: 1
2024-05-22 22:29:30 0 [Note] InnoDB: Using SSE2 crc32 instructions
2024-05-22 22:29:30 0 [Note] InnoDB: Initializing buffer pool, total size = 16M, instances = 1, chunk size = 16M
2024-05-22 22:29:30 0 [Note] InnoDB: Completed initialization of buffer pool
2024-05-22 22:29:30 0 [Note] InnoDB: Starting crash recovery from checkpoint LSN=300396
2024-05-22 22:29:30 0 [Note] InnoDB: 128 out of 128 rollback segments are active.
2024-05-22 22:29:30 0 [Note] InnoDB: Removed temporary tablespace data file: "ibtmp1"
2024-05-22 22:29:30 0 [Note] InnoDB: Creating shared tablespace for temporary tables
2024-05-22 22:29:30 0 [Note] InnoDB: Setting file 'D:\proXAMPP\mysql\data\ibtmp1' size to 12 MB. Physically writing the file full; Please wait ...
2024-05-22 22:29:30 0 [Note] InnoDB: File 'D:\proXAMPP\mysql\data\ibtmp1' size is now 12 MB.
2024-05-22 22:29:30 0 [Note] InnoDB: 10.4.32 started; log sequence number 300405; transaction id 170
2024-05-22 22:29:30 0 [Note] InnoDB: Loading buffer pool(s) from D:\proXAMPP\mysql\data\ib_buffer_pool
2024-05-22 22:29:30 0 [Note] Plugin 'FEEDBACK' is disabled.
2024-05-22 22:29:30 0 [Note] InnoDB: Buffer pool(s) load completed at 240522 22:29:30
2024-05-22 22:29:30 0 [Note] Server socket created on IP: '::'.
2024-05-22 22:29:38 0 [Note] Starting MariaDB 10.4.32-MariaDB source revision c4143f909528e3fab0677a28631d10389354c491 as process 1096
2024-05-22 22:29:38 0 [Note] InnoDB: Mutexes and rw_locks use Windows interlocked functions
2024-05-22 22:29:38 0 [Note] InnoDB: Uses event mutexes
2024-05-22 22:29:38 0 [Note] InnoDB: Compressed tables use zlib 1.3
2024-05-22 22:29:38 0 [Note] InnoDB: Number of pools: 1
2024-05-22 22:29:38 0 [Note] InnoDB: Using SSE2 crc32 instructions
2024-05-22 22:29:38 0 [Note] InnoDB: Initializing buffer pool, total size = 16M, instances = 1, chunk size = 16M
2024-05-22 22:29:38 0 [Note] InnoDB: Completed initialization of buffer pool
2024-05-22 22:29:38 0 [Note] InnoDB: Starting crash recovery from checkpoint LSN=300396
2024-05-22 22:29:38 0 [Note] InnoDB: 128 out of 128 rollback segments are active.
2024-05-22 22:29:38 0 [Note] InnoDB: Removed temporary tablespace data file: "ibtmp1"
2024-05-22 22:29:38 0 [Note] InnoDB: Creating shared tablespace for temporary tables
2024-05-22 22:29:38 0 [Note] InnoDB: Setting file 'D:\proXAMPP\mysql\data\ibtmp1' size to 12 MB. Physically writing the file full; Please wait ...
2024-05-22 22:29:38 0 [Note] InnoDB: File 'D:\proXAMPP\mysql\data\ibtmp1' size is now 12 MB.
2024-05-22 22:29:38 0 [Note] InnoDB: Waiting for purge to start
2024-05-22 22:29:38 0 [Note] InnoDB: 10.4.32 started; log sequence number 300405; transaction id 170
2024-05-22 22:29:38 0 [Note] InnoDB: Loading buffer pool(s) from D:\proXAMPP\mysql\data\ib_buffer_pool
2024-05-22 22:29:38 0 [Note] Plugin 'FEEDBACK' is disabled.
2024-05-22 22:29:38 0 [Note] Server socket created on IP: '::'.
2024-05-22 22:29:38 0 [Note] InnoDB: Buffer pool(s) load com2024-05-23 19:22:51 0 [Note] Starting MariaDB 10.4.32-MariaDB source revision c4143f909528e3fab0677a28631d10389354c491 as process 14680
2024-05-23 19:22:51 0 [Note] InnoDB: Mutexes and rw_locks use Windows interlocked functions
2024-05-23 19:22:51 0 [Note] InnoDB: Uses event mutexes
2024-05-23 19:22:51 0 [Note] InnoDB: Compressed tables use zlib 1.3
2024-05-23 19:22:51 0 [Note] InnoDB: Number of pools: 1
2024-05-23 19:22:51 0 [Note] InnoDB: Using SSE2 crc32 instructions
2024-05-23 19:22:51 0 [Note] InnoDB: Initializing buffer pool, total size = 16M, instances = 1, chunk size = 16M
2024-05-23 19:22:51 0 [Note] InnoDB: Completed initialization of buffer pool
2024-05-23 19:22:51 0 [Note] InnoDB: Starting crash recovery from checkpoint LSN=300414
2024-05-23 19:22:51 0 [Note] InnoDB: 128 out of 128 rollback segments are active.
2024-05-23 19:22:51 0 [Note] InnoDB: Removed temporary tablespace data file: "ibtmp1"
2024-05-23 19:22:51 0 [Note] InnoDB: Creating shared tablespace for temporary tables
2024-05-23 19:22:51 0 [Note] InnoDB: Setting file 'D:\proXAMPP\mysql\data\ibtmp1' size to 12 MB. Physically writing the file full; Please wait ...
2024-05-23 19:22:51 0 [Note] InnoDB: File 'D:\proXAMPP\mysql\data\ibtmp1' size is now 12 MB.
2024-05-23 19:22:51 0 [Note] InnoDB: Waiting for purge to start
2024-05-23 19:22:51 0 [Note] InnoDB: 10.4.32 started; log sequence number 300423; transaction id 170
2024-05-23 19:22:51 0 [Note] InnoDB: Loading buffer pool(s) from D:\proXAMPP\mysql\data\ib_buffer_pool
2024-05-23 19:22:51 0 [Note] Plugin 'FEEDBACK' is disabled.
2024-05-23 19:22:52 0 [Note] InnoDB: Buffer pool(s) load completed at 240523 19:22:52
2024-05-23 19:22:52 0 [Note] Server socket created on IP: '::'.
2024-05-24 18:59:37 0 [Note] Starting MariaDB 10.4.32-MariaDB source revision c4143f909528e3fab0677a28631d10389354c491 as process 8428
2024-05-24 18:59:37 0 [Note] InnoDB: Mutexes and rw_locks use Windows interlocked functions
2024-05-24 18:59:37 0 [Note] InnoDB: Uses event mutexes
2024-05-24 18:59:37 0 [Note] InnoDB: Compressed tables use zlib 1.3
2024-05-24 18:59:37 0 [Note] InnoDB: Number of pools: 1
2024-05-24 18:59:37 0 [Note] InnoDB: Using SSE2 crc32 instructions
2024-05-24 18:59:37 0 [Note] InnoDB: Initializing buffer pool, total size = 16M, instances = 1, chunk size = 16M
2024-05-24 18:59:37 0 [Note] InnoDB: Completed initialization of buffer pool
2024-05-24 18:59:37 0 [Note] InnoDB: Starting crash recovery from checkpoint LSN=300432
2024-05-24 18:59:37 0 [Note] InnoDB: 128 out of 128 rollback segments are active.
2024-05-24 18:59:37 0 [Note] InnoDB: Removed temporary tablespace data file: "ibtmp1"
2024-05-24 18:59:37 0 [Note] InnoDB: Creating shared tablespace for temporary tables
2024-05-24 18:59:37 0 [Note] InnoDB: Setting file 'D:\proXAMPP\mysql\data\ibtmp1' size to 12 MB. Physically writing the file full; Please wait ...
2024-05-24 18:59:37 0 [Note] InnoDB: File 'D:\proXAMPP\mysql\data\ibtmp1' size is now 12 MB.
2024-05-24 18:59:37 0 [Note] InnoDB: Waiting for purge to start
2024-05-24 18:59:37 0 [Note] InnoDB: 10.4.32 started; log sequence number 300441; transaction id 170
2024-05-24 18:59:37 0 [Note] InnoDB: Loading buffer pool(s) from D:\proXAMPP\mysql\data\ib_buffer_pool
2024-05-24 18:59:37 0 [Note] Plugin 'FEEDBACK' is disabled.
2024-05-24 18:59:37 0 [Note] InnoDB: Buffer pool(s) load completed at 240524 18:59:37
2024-05-24 18:59:37 0 [Note] Server socket created on IP: '::'.
2024-05-27 19:47:11 0 [Note] Starting MariaDB 10.4.32-MariaDB source revision c4143f909528e3fab0677a28631d10389354c491 as process 17392
2024-05-27 19:47:11 0 [Note] InnoDB: Mutexes and rw_locks use Windows interlocked functions
2024-05-27 19:47:11 0 [Note] InnoDB: Uses event mutexes
2024-05-27 19:47:11 0 [Note] InnoDB: Compressed tables use zlib 1.3
2024-05-27 19:47:11 0 [Note] InnoDB: Number of pools: 1
2024-05-27 19:47:11 0 [Note] InnoDB: Using SSE2 crc32 instructions
2024-05-27 19:47:11 0 [Note] InnoDB: Initializing buffer pool, total size = 16M, instances = 1, chunk size = 16M
2024-05-27 19:47:11 0 [Note] InnoDB: Completed initialization of buffer pool
2024-05-27 19:47:11 0 [Note] InnoDB: Starting crash recovery from checkpoint LSN=300450
2024-05-27 19:47:11 0 [Note] InnoDB: 128 out of 128 rollback segments are active.
2024-05-27 19:47:11 0 [Note] InnoDB: Removed temporary tablespace data file: "ibtmp1"
2024-05-27 19:47:11 0 [Note] InnoDB: Creating shared tablespace for temporary tables
2024-05-27 19:47:11 0 [Note] InnoDB: Setting file 'D:\proXAMPP\mysql\data\ibtmp1' size to 12 MB. Physically writing the file full; Please wait ...
2024-05-27 19:47:11 0 [Note] InnoDB: File 'D:\proXAMPP\mysql\data\ibtmp1' size is now 12 MB.
2024-05-27 19:47:11 0 [Note] InnoDB: Waiting for purge to start
2024-05-27 19:47:11 0 [Note] InnoDB: 10.4.32 started; log sequence number 300459; transaction id 170
2024-05-27 19:47:11 0 [Note] InnoDB: Loading buffer pool(s) from D:\proXAMPP\mysql\data\ib_buffer_pool
2024-05-27 19:47:11 0 [Note] Plugin 'FEEDBACK' is disabled.
2024-05-27 19:47:11 0 [Note] InnoDB: Buffer pool(s) load completed at 240527 19:47:11
2024-05-27 19:47:11 0 [Note] Server socket created on IP: '::'.
2024-05-27 22:58:41 0 [Note] Starting MariaDB 10.4.32-MariaDB source revision c4143f909528e3fab0677a28631d10389354c491 as process 18264
2024-05-27 22:58:41 0 [Note] Starting MariaDB 10.4.32-MariaDB source revision c4143f909528e3fab0677a28631d10389354c491 as process 3216
2024-05-27 22:58:42 0 [Note] InnoDB: Mutexes and rw_locks use Windows interlocked functions
2024-05-27 22:58:42 0 [Note] InnoDB: Uses event mutexes
2024-05-27 22:58:42 0 [Note] InnoDB: Compressed tables use zlib 1.3
2024-05-27 22:58:42 0 [Note] InnoDB: Number of pools: 1
2024-05-27 22:58:42 0 [Note] InnoDB: Using SSE2 crc32 instructions
2024-05-27 22:58:42 0 [Note] InnoDB: Initializing buffer pool, total size = 16M, instances = 1, chunk size = 16M
2024-05-27 22:58:42 0 [Note] InnoDB: Completed initialization of buffer pool
2024-05-27 22:58:42 0 [Note] InnoDB: Starting crash recovery from checkpoint LSN=300468
2024-05-27 22:58:42 0 [Note] InnoDB: 128 out of 128 rollback segments are active.
2024-05-27 22:58:42 0 [Note] InnoDB: Removed temporary tablespace data file: "ibtmp1"
2024-05-27 22:58:42 0 [Note] InnoDB: Creating shared tablespace for temporary tables
2024-05-27 22:58:42 0 [Note] InnoDB: Setting file 'D:\proXAMPP\mysql\data\ibtmp1' size to 12 MB. Physically writing the file full; Please wait ...
2024-05-27 22:58:42 0 [Note] InnoDB: File 'D:\proXAMPP\mysql\data\ibtmp1' size is now 12 MB.
2024-05-27 22:58:42 0 [Note] InnoDB: Waiting for purge to start
2024-05-27 22:58:42 0 [Note] InnoDB: 10.4.32 started; log sequence number 300477; transaction id 170
2024-05-27 22:58:42 0 [Note] InnoDB: Loading buffer pool(s) from D:\proXAMPP\mysql\data\ib_buffer_pool
2024-05-27 22:58:42 0 [Note] Plugin 'FEEDBACK' is disabled.
2024-05-27 22:58:42 0 [Note] InnoDB: Buffer pool(s) load completed at 240527 22:58:42
2024-05-27 22:58:42 0 [Note] Server socket created on IP: '::'.
2024-05-27 23:00:01 0 [Note] Starting MariaDB 10.4.32-MariaDB source revision c4143f909528e3fab0677a28631d10389354c491 as process 20164
2024-05-27 23:00:01 0 [Note] InnoDB: Mutexes and rw_locks use Windows interlocked functions
2024-05-27 23:00:01 0 [Note] InnoDB: Uses event mutexes
2024-05-27 23:00:01 0 [Note] InnoDB: Compressed tables use zlib 1.3
2024-05-27 23:00:01 0 [Note] InnoDB: Number of pools: 1
2024-05-27 23:00:01 0 [Note] InnoDB: Using SSE2 crc32 instructions
2024-05-27 23:00:01 0 [Note] InnoDB: Initializing buffer pool, total size = 16M, instances = 1, chunk size = 16M
2024-05-27 23:00:01 0 [Note] InnoDB: Completed initialization of buffer pool
2024-05-27 23:00:01 0 [Note] InnoDB: Starting crash recovery from checkpoint LSN=300468
2024-05-27 23:00:01 0 [Note] InnoDB: 128 out of 128 rollback segments are active.
2024-05-27 23:00:01 0 [Note] InnoDB: Removed temporary tablespace data file: "ibtmp1"
2024-05-27 23:00:01 0 [Note] InnoDB: Creating shared tablespace for temporary tables
2024-05-27 23:00:01 0 [Note] InnoDB: Setting file 'D:\proXAMPP\mysql\data\ibtmp1' size to 12 MB. Physically writing the file full; Please wait ...
2024-05-27 23:00:01 0 [Note] InnoDB: File 'D:\proXAMPP\mysql\data\ibtmp1' size is now 12 MB.
2024-05-27 23:00:01 0 [Note] InnoDB: Waiting for purge to start
2024-05-27 23:00:01 0 [Note] InnoDB: 10.4.32 started; log sequence number 300486; transaction id 170
2024-05-27 23:00:01 0 [Note] InnoDB: Loading buffer pool(s) from D:\proXAMPP\mysql\data\ib_buffer_pool
2024-05-27 23:00:01 0 [Note] Plugin 'FEEDBACK' is disabled.
2024-05-27 23:00:01 0 [Note] Server socket created on IP: '::'.
2024-2024-05-29  0:33:47 0 [Note] Starting MariaDB 10.4.32-MariaDB source revision c4143f909528e3fab0677a28631d10389354c491 as process 9584
2024-05-29  0:33:47 0 [Note] InnoDB: Mutexes and rw_locks use Windows interlocked functions
2024-05-29  0:33:47 0 [Note] InnoDB: Uses event mutexes
2024-05-29  0:33:47 0 [Note] InnoDB: Compressed tables use zlib 1.3
2024-05-29  0:33:47 0 [Note] InnoDB: Number of pools: 1
2024-05-29  0:33:47 0 [Note] InnoDB: Using SSE2 crc32 instructions
2024-05-29  0:33:47 0 [Note] InnoDB: Initializing buffer pool, total size = 16M, instances = 1, chunk size = 16M
2024-05-29  0:33:47 0 [Note] InnoDB: Completed initialization of buffer pool
2024-05-29  0:33:47 0 [Note] InnoDB: Starting crash recovery from checkpoint LSN=300495
2024-05-29  0:33:48 0 [Note] InnoDB: 128 out of 128 rollback segments are active.
2024-05-29  0:33:48 0 [Note] InnoDB: Removed temporary tablespace data file: "ibtmp1"
2024-05-29  0:33:48 0 [Note] InnoDB: Creating shared tablespace for temporary tables
2024-05-29  0:33:48 0 [Note] InnoDB: Setting file 'D:\proXAMPP\mysql\data\ibtmp1' size to 12 MB. Physically writing the file full; Please wait ...
2024-05-29  0:33:48 0 [Note] InnoDB: File 'D:\proXAMPP\mysql\data\ibtmp1' size is now 12 MB.
2024-05-29  0:33:48 0 [Note] InnoDB: Waiting for purge to start
2024-05-29  0:33:48 0 [Note] InnoDB: 10.4.32 started; log sequence number 300504; transaction id 170
2024-05-29  0:33:48 0 [Note] InnoDB: Loading buffer pool(s) from D:\proXAMPP\mysql\data\ib_buffer_pool
2024-05-29  0:33:48 0 [Note] Plugin 'FEEDBACK' is disabled.
2024-05-29  0:33:48 0 [Note] InnoDB: Buffer pool(s) load completed at 240529  0:33:48
2024-05-29  0:33:48 0 [Note] Server socket created on IP: '::'.
2024-05-29 16:51:15 0 [Note] Starting MariaDB 10.4.32-MariaDB source revision c4143f909528e3fab0677a28631d10389354c491 as process 1548
2024-05-29 16:51:15 0 [Note] InnoDB: Mutexes and rw_locks use Windows interlocked functions
2024-05-29 16:51:15 0 [Note] InnoDB: Uses event mutexes
2024-05-29 16:51:15 0 [Note] InnoDB: Compressed tables use zlib 1.3
2024-05-29 16:51:15 0 [Note] InnoDB: Number of pools: 1
2024-05-29 16:51:15 0 [Note] InnoDB: Using SSE2 crc32 instructions
2024-05-29 16:51:15 0 [Note] InnoDB: Initializing buffer pool, total size = 16M, instances = 1, chunk size = 16M
2024-05-29 16:51:15 0 [Note] InnoDB: Completed initialization of buffer pool
2024-05-29 16:51:16 0 [Note] InnoDB: Starting crash recovery from checkpoint LSN=300513
2024-05-29 16:51:16 0 [Note] InnoDB: 128 out of 128 rollback segments are active.
2024-05-29 16:51:16 0 [Note] InnoDB: Removed temporary tablespace data file: "ibtmp1"
2024-05-29 16:51:16 0 [Note] InnoDB: Creating shared tablespace for temporary tables
2024-05-29 16:51:16 0 [Note] InnoDB: Setting file 'D:\proXAMPP\mysql\data\ibtmp1' size to 12 MB. Physically writing the file full; Please wait ...
2024-05-29 16:51:16 0 [Note] InnoDB: File 'D:\proXAMPP\mysql\data\ibtmp1' size is now 12 MB.
2024-05-29 16:51:16 0 [Note] InnoDB: Waiting for purge to start
2024-05-29 16:51:16 0 [Note] InnoDB: 10.4.32 started; log sequence number 300522; transaction id 170
2024-05-29 16:51:16 0 [Note] InnoDB: Loading buffer pool(s) from D:\proXAMPP\mysql\data\ib_buffer_pool
2024-05-29 16:51:16 0 [Note] Plugin 'FEEDBACK' is disabled.
2024-05-29 16:51:16 0 [Note] InnoDB: Buffer pool(s) load completed at 240529 16:51:16
2024-05-29 16:51:16 0 [Note] Server socket created on IP: '::'.
2024-05-29 22:45:16 0 [Note] Starting MariaDB 10.4.32-MariaDB source revision c4143f909528e3fab0677a28631d10389354c491 as process 3408
2024-05-29 22:45:16 0 [Note] InnoDB: Mutexes and rw_locks use Windows interlocked functions
2024-05-29 22:45:16 0 [Note] InnoDB: Uses event mutexes
2024-05-29 22:45:16 0 [Note] InnoDB: Compressed tables use zlib 1.3
2024-05-29 22:45:16 0 [Note] InnoDB: Number of pools: 1
2024-05-29 22:45:16 0 [Note] InnoDB: Using SSE2 crc32 instructions
2024-05-29 22:45:16 0 [Note] InnoDB: Initializing buffer pool, total size = 16M, instances = 1, chunk size = 16M
2024-05-29 22:45:16 0 [Note] InnoDB: Completed initialization of buffer pool
2024-05-29 22:45:16 0 [Note] InnoDB: Starting crash recovery from checkpoint LSN=300531
2024-05-29 22:45:16 0 [Note] InnoDB: 128 out of 128 rollback segments are active.
2024-05-29 22:45:16 0 [Note] InnoDB: Removed temporary tablespace data file: "ibtmp1"
2024-05-29 22:45:16 0 [Note] InnoDB: Creating shared tablespace for temporary tables
2024-05-29 22:45:16 0 [Note] InnoDB: Setting file 'D:\proXAMPP\mysql\data\ibtmp1' size to 12 MB. Physically writing the file full; Please wait ...
2024-05-29 22:45:16 0 [Note] InnoDB: File 'D:\proXAMPP\mysql\data\ibtmp1' size is now 12 MB.
2024-05-29 22:45:16 0 [Note] InnoDB: Waiting for purge to start
2024-05-29 22:45:16 0 [Note] InnoDB: 10.4.32 started; log sequence number 300556; transaction id 170
2024-05-29 22:45:16 0 [Note] InnoDB: Loading buffer pool(s) from D:\proXAMPP\mysql\data\ib_buffer_pool
2024-05-29 22:45:16 0 [Note] Plugin 'FEEDBACK' is disabled.
2024-05-29 22:45:16 0 [Note] InnoDB: Buffer pool(s) load completed at 240529 22:45:16
2024-05-29 22:45:16 0 [Note] Server socket created on IP: '::'.
2024-05-30  9:33:48 0 [Note] Starting MariaDB 10.4.32-MariaDB source revision c4143f909528e3fab0677a28631d10389354c491 as process 12804
2024-05-30  9:33:48 0 [Note] InnoDB: Mutexes and rw_locks use Windows interlocked functions
2024-05-30  9:33:48 0 [Note] InnoDB: Uses event mutexes
2024-05-30  9:33:48 0 [Note] InnoDB: Compressed tables use zlib 1.3
2024-05-30  9:33:48 0 [Note] InnoDB: Number of pools: 1
2024-05-30  9:33:48 0 [Note] InnoDB: Using SSE2 crc32 instructions
2024-05-30  9:33:48 0 [Note] InnoDB: Initializing buffer pool, total size = 16M, instances = 1, chunk size = 16M
2024-05-30  9:33:48 0 [Note] InnoDB: Completed initialization of buffer pool
2024-05-30  9:33:48 0 [Note] InnoDB: Starting crash recovery from checkpoint LSN=300565
2024-05-30  9:33:49 0 [Note] InnoDB: 128 out of 128 rollback segments are active.
2024-05-30  9:33:49 0 [Note] InnoDB: Removed temporary tablespace data file: "ibtmp1"
2024-05-30  9:33:49 0 [Note] InnoDB: Creating shared tablespace for temporary tables
2024-05-30  9:33:49 0 [Note] InnoDB: Setting file 'D:\proXAMPP\mysql\data\ibtmp1' size to 12 MB. Physically writing the file full; Please wait ...
2024-05-30  9:33:49 0 [Note] InnoDB: File 'D:\proXAMPP\mysql\data\ibtmp1' size is now 12 MB.
2024-05-30  9:33:49 0 [Note] InnoDB: Waiting for purge to start
2024-05-30  9:33:49 0 [Note] InnoDB: 10.4.32 started; log sequence number 300574; transaction id 170
2024-05-30  9:33:49 0 [Note] InnoDB: Loading buffer pool(s) from D:\proXAMPP\mysql\data\ib_buffer_pool
2024-05-30  9:33:49 0 [Note] Plugin 'FEEDBACK' is disabled.
2024-05-30  9:33:49 0 [Note] InnoDB: Buffer pool(s) load completed at 240530  9:33:49
2024-05-30  9:33:49 0 [Note] Server socket created on IP: '::'.
2024-05-30 19:23:20 0 [Note] Starting MariaDB 10.4.32-MariaDB source revision c4143f909528e3fab0677a28631d10389354c491 as process 9920
2024-05-30 19:23:20 0 [Note] InnoDB: Mutexes and rw_locks use Windows interlocked functions
2024-05-30 19:23:20 0 [Note] InnoDB: Uses event mutexes
2024-05-30 19:23:20 0 [Note] InnoDB: Compressed tables use zlib 1.3
2024-05-30 19:23:20 0 [Note] InnoDB: Number of pools: 1
2024-05-30 19:23:20 0 [Note] InnoDB: Using SSE2 crc32 instructions
2024-05-30 19:23:20 0 [Note] InnoDB: Initializing buffer pool, total size = 16M, instances = 1, chunk size = 16M
2024-05-30 19:23:20 0 [Note] InnoDB: Completed initialization of buffer pool
2024-05-30 19:23:20 0 [Note] InnoDB: Starting crash recovery from checkpoint LSN=300583
2024-05-30 19:23:20 0 [Note] InnoDB: 128 out of 128 rollback segments are active.
2024-05-30 19:23:20 0 [Note] InnoDB: Removed temporary tablespace data file: "ibtmp1"
2024-05-30 19:23:20 0 [Note] InnoDB: Creating shared tablespace for temporary tables
2024-05-30 19:23:20 0 [Note] InnoDB: Setting file 'D:\proXAMPP\mysql\data\ibtmp1' size to 12 MB. Physically writing the file full; Please wait ...
2024-05-30 19:23:20 0 [Note] InnoDB: File 'D:\proXAMPP\mysql\data\ibtmp1' size is now 12 MB.
2024-05-30 19:23:20 0 [Note] InnoDB: Waiting for purge to start
2024-05-30 19:23:20 0 [Note] InnoDB: 10.4.32 started; log sequence number 300592; transaction id 170
2024-05-30 19:23:20 0 [Note] InnoDB: Loading buffer pool(s) from D:\proXAMPP\mysql\data\ib_buffer_pool
2024-05-30 19:23:20 0 [Note] Plugin 'FEEDBACK' is disabled.
2024-05-30 19:23:20 0 [Note] InnoDB: Buffer pool(s) load completed at 240530 19:23:20
2024-05-30 19:23:20 0 [Note] Server socket created on IP: '::'.
2024-05-30 22:50:20 0 [Note] Starting MariaDB 10.4.32-MariaDB source revision c4143f909528e3fab0677a28631d10389354c491 as process 8808
2024-05-30 22:50:20 0 [Note] InnoDB: Mutexes and rw_locks use Windows interlocked functions
2024-05-30 22:50:20 0 [Note] InnoDB: Uses event mutexes
2024-05-30 22:50:20 0 [Note] InnoDB: Compressed tables use zlib 1.3
2024-05-30 22:50:20 0 [Note] InnoDB: Number of pools: 1
2024-05-30 22:50:20 0 [Note] InnoDB: Using SSE2 crc32 instructions
2024-05-30 22:50:20 0 [Note] InnoDB: Initializing buffer pool, total size = 16M, instances = 1, chunk size = 16M
2024-05-30 22:50:20 0 [Note] InnoDB: Completed initialization of buffer pool
2024-05-30 22:50:20 0 [Note] InnoDB: Starting crash recovery from checkpoint LSN=300601
2024-05-30 22:50:21 0 [Note] InnoDB: 128 out of 128 rollback segments are active.
2024-05-30 22:50:21 0 [Note] InnoDB: Removed temporary tablespace data file: "ibtmp1"
2024-05-30 22:50:21 0 [Note] InnoDB: Creating shared tablespace for temporary tables
2024-05-30 22:50:21 0 [Note] InnoDB: Setting file 'D:\proXAMPP\mysql\data\ibtmp1' size to 12 MB. Physically writing the file full; Please wait ...
2024-05-30 22:50:21 0 [Note] InnoDB: File 'D:\proXAMPP\mysql\data\ibtmp1' size is now 12 MB.
2024-05-30 22:50:21 0 [Note] InnoDB: Waiting for purge to start
2024-05-30 22:50:21 0 [Note] InnoDB: 10.4.32 started; log sequence number 300610; transaction id 170
2024-05-30 22:50:21 0 [Note] InnoDB: Loading buffer pool(s) from D:\proXAMPP\mysql\data\ib_buffer_pool
2024-05-30 22:50:21 0 [Note] Plugin 'FEEDBACK' is disabled.
2024-05-30 22:50:21 0 [Note] InnoDB: Buffer pool(s) load completed at 240530 22:50:21
2024-05-30 22:50:21 0 [Note] Server socket created on IP: '::'.
2024-06-08 23:38:27 0 [Note] Starting MariaDB 10.4.32-MariaDB source revision c4143f909528e3fab0677a28631d10389354c491 as process 9704
2024-06-08 23:38:27 0 [Note] InnoDB: Mutexes and rw_locks use Windows interlocked functions
2024-06-08 23:38:27 0 [Note] InnoDB: Uses event mutexes
2024-06-08 23:38:27 0 [Note] InnoDB: Compressed tables use zlib 1.3
2024-06-08 23:38:27 0 [Note] InnoDB: Number of pools: 1
2024-06-08 23:38:27 0 [Note] InnoDB: Using SSE2 crc32 instructions
2024-06-08 23:38:27 0 [Note] InnoDB: Initializing buffer pool, total size = 16M, instances = 1, chunk size = 16M
2024-06-08 23:38:27 0 [Note] InnoDB: Completed initialization of buffer pool
2024-06-08 23:38:27 0 [Note] InnoDB: Starting crash recovery from checkpoint LSN=300619
2024-06-08 23:38:27 0 [Note] InnoDB: 128 out of 128 rollback segments are active.
2024-06-08 23:38:27 0 [Note] InnoDB: Removed temporary tablespace data file: "ibtmp1"
2024-06-08 23:38:27 0 [Note] InnoDB: Creating shared tablespace for temporary tables
2024-06-08 23:38:27 0 [Note] InnoDB: Setting file 'D:\proXAMPP\mysql\data\ibtmp1' size to 12 MB. Physically writing the file full; Please wait ...
2024-06-08 23:38:27 0 [Note] InnoDB: File 'D:\proXAMPP\mysql\data\ibtmp1' size is now 12 MB.
2024-06-08 23:38:27 0 [Note] InnoDB: Waiting for purge to start
2024-06-08 23:38:27 0 [Note] InnoDB: 10.4.32 started; log sequence number 300628; transaction id 170
2024-06-08 23:38:27 0 [Note] InnoDB: Loading buffer pool(s) from D:\proXAMPP\mysql\data\ib_buffer_pool
2024-06-08 23:38:27 0 [Note] Plugin 'FEEDBACK' is disabled.
2024-06-08 23:38:27 0 [Note] InnoDB: Buffer pool(s) load completed at 240608 23:38:27
2024-06-08 23:38:27 0 [Note] Server socket created on IP: '::'.
2024-06-09 19:39:15 0 [Note] Starting MariaDB 10.4.32-MariaDB source revision c4143f909528e3fab0677a28631d10389354c491 as process 18016
2024-06-09 19:39:15 0 [Note] InnoDB: Mutexes and rw_locks use Windows interlocked functions
2024-06-09 19:39:15 0 [Note] InnoDB: Uses event mutexes
2024-06-09 19:39:15 0 [Note] InnoDB: Compressed tables use zlib 1.3
2024-06-09 19:39:15 0 [Note] InnoDB: Number of pools: 1
2024-06-09 19:39:15 0 [Note] InnoDB: Using SSE2 crc32 instructions
2024-06-09 19:39:15 0 [Note] InnoDB: Initializing buffer pool, total size = 16M, instances = 1, chunk size = 16M
2024-06-09 19:39:15 0 [Note] InnoDB: Completed initialization of buffer pool
2024-06-09 19:39:15 0 [Note] InnoDB: Starting crash recovery from checkpoint LSN=300637
2024-06-09 19:39:15 0 [Note] InnoDB: 128 out of 128 rollback segments are active.
2024-06-09 19:39:15 0 [Note] InnoDB: Removed temporary tablespace data file: "ibtmp1"
2024-06-09 19:39:15 0 [Note] InnoDB: Creating shared tablespace for temporary tables
2024-06-09 19:39:15 0 [Note] InnoDB: Setting file 'D:\proXAMPP\mysql\data\ibtmp1' size to 12 MB. Physically writing the file full; Please wait ...
2024-06-09 19:39:15 0 [Note] InnoDB: File 'D:\proXAMPP\mysql\data\ibtmp1' size is now 12 MB.
2024-06-09 19:39:15 0 [Note] InnoDB: Waiting for purge to start
2024-06-09 19:39:15 0 [Note] InnoDB: 10.4.32 started; log sequence number 300646; transaction id 170
2024-06-09 19:39:15 0 [Note] InnoDB: Loading buffer pool(s) from D:\proXAMPP\mysql\data\ib_buffer_pool
2024-06-09 19:39:15 0 [Note] Plugin 'FEEDBACK' is disabled.
2024-06-09 19:39:15 0 [Note] InnoDB: Buffer pool(s) load completed at 240609 19:39:15
2024-06-09 19:39:16 0 [Note] Server socket created on IP: '::'.
2024-06-10  9:12:50 0 [Note] Starting MariaDB 10.4.32-MariaDB source revision c4143f909528e3fab0677a28631d10389354c491 as process 2984
2024-06-10  9:12:50 0 [Note] InnoDB: Mutexes and rw_locks use Windows interlocked functions
2024-06-10  9:12:50 0 [Note] InnoDB: Uses event mutexes
2024-06-10  9:12:50 0 [Note] InnoDB: Compressed tables use zlib 1.3
2024-06-10  9:12:50 0 [Note] InnoDB: Number of pools: 1
2024-06-10  9:12:50 0 [Note] InnoDB: Using SSE2 crc32 instructions
2024-06-10  9:12:50 0 [Note] InnoDB: Initializing buffer pool, total size = 16M, instances = 1, chunk size = 16M
2024-06-10  9:12:50 0 [Note] InnoDB: Completed initialization of buffer pool
2024-06-10  9:12:50 0 [Note] InnoDB: Starting crash recovery from checkpoint LSN=300655
2024-06-10  9:12:50 0 [Note] InnoDB: 128 out of 128 rollback segments are active.
2024-06-10  9:12:50 0 [Note] InnoDB: Removed temporary tablespace data file: "ibtmp1"
2024-06-10  9:12:50 0 [Note] InnoDB: Creating shared tablespace for temporary tables
2024-06-10  9:12:50 0 [Note] InnoDB: Setting file 'D:\proXAMPP\mysql\data\ibtmp1' size to 12 MB. Physically writing the file full; Please wait ...
2024-06-10  9:12:50 0 [Note] InnoDB: File 'D:\proXAMPP\mysql\data\ibtmp1' size is now 12 MB.
2024-06-10  9:12:50 0 [Note] InnoDB: Waiting for purge to start
2024-06-10  9:12:50 0 [Note] InnoDB: 10.4.32 started; log sequence number 300664; transaction id 170
2024-06-10  9:12:50 0 [Note] Plugin 'FEEDBACK' is disabled.
2024-06-10  9:12:50 0 [Note] InnoDB: Loading buffer pool(s) from D:\proXAMPP\mysql\data\ib_buffer_pool
2024-06-10  9:12:50 0 [Note] InnoDB: Buffer pool(s) load completed at 240610  9:12:50
2024-06-10  9:12:50 0 [Note] Server socket created on IP: '::'.
2024-06-10 10:40:54 0 [Note] Starting MariaDB 10.4.32-MariaDB source revision c4143f909528e3fab0677a28631d10389354c491 as process 8024
2024-06-10 10:40:54 0 [Note] InnoDB: Mutexes and rw_locks use Windows interlocked functions
2024-06-10 10:40:54 0 [Note] InnoDB: Uses event mutexes
2024-06-10 10:40:54 0 [Note] InnoDB: Compressed tables use zlib 1.3
2024-06-10 10:40:54 0 [Note] InnoDB: Number of pools: 1
2024-06-10 10:40:54 0 [Note] InnoDB: Using SSE2 crc32 instructions
2024-06-10 10:40:54 0 [Note] InnoDB: Initializing buffer pool, total size = 16M, instances = 1, chunk size = 16M
2024-06-10 10:40:54 0 [Note] InnoDB: Completed initialization of buffer pool
2024-06-10 10:40:54 0 [Note] InnoDB: Starting crash recovery from checkpoint LSN=300673
2024-06-10 10:40:54 0 [Note] InnoDB: 128 out of 128 rollback segments are active.
2024-06-10 10:40:54 0 [Note] InnoDB: Removed temporary tablespace data file: "ibtmp1"
2024-06-10 10:40:54 0 [Note] InnoDB: Creating shared tablespace for temporary tables
2024-06-10 10:40:54 0 [Note] InnoDB: Setting file 'D:\proXAMPP\mysql\data\ibtmp1' size to 12 MB. Physically writing the file full; Please wait ...
2024-06-10 10:40:54 0 [Note] InnoDB: File 'D:\proXAMPP\mysql\data\ibtmp1' size is now 12 MB.
2024-06-10 10:40:54 0 [Note] InnoDB: Waiting for purge to start
2024-06-10 10:40:55 0 [Note] InnoDB: 10.4.32 started; log sequence number 300682; transaction id 170
2024-06-10 10:40:55 0 [Note] InnoDB: Loading buffer pool(s) from D:\proXAMPP\mysql\data\ib_buffer_pool
2024-06-10 10:40:55 0 [Note] Plugin 'FEEDBACK' is disabled.
2024-06-10 10:40:55 0 [Note] Server socket created on IP: '::'.
2024-06-12 22:07:08 0 [Note] Starting MariaDB 10.4.32-MariaDB source revision c4143f909528e3fab0677a28631d10389354c491 as process 13824
2024-06-12 22:07:08 0 [Note] InnoDB: Mutexes and rw_locks use Windows interlocked functions
2024-06-12 22:07:08 0 [Note] InnoDB: Uses event mutexes
2024-06-12 22:07:08 0 [Note] InnoDB: Compressed tables use zlib 1.3
2024-06-12 22:07:08 0 [Note] InnoDB: Number of pools: 1
2024-06-12 22:07:08 0 [Note] InnoDB: Using SSE2 crc32 instructions
2024-06-12 22:07:08 0 [Note] InnoDB: Initializing buffer pool, total size = 16M, instances = 1, chunk size = 16M
2024-06-12 22:07:08 0 [Note] InnoDB: Completed initialization of buffer pool
2024-06-12 22:07:08 0 [Note] InnoDB: Starting crash recovery from checkpoint LSN=300691
2024-06-12 22:07:08 0 [Note] InnoDB: 128 out of 128 rollback segments are active.
2024-06-12 22:07:08 0 [Note] InnoDB: Removed temporary tablespace data file: "ibtmp1"
2024-06-12 22:07:08 0 [Note] InnoDB: Creating shared tablespace for temporary tables
2024-06-12 22:07:08 0 [Note] InnoDB: Setting file 'D:\proXAMPP\mysql\data\ibtmp1' size to 12 MB. Physically writing the file full; Please wait ...
2024-06-12 22:07:08 0 [Note] InnoDB: File 'D:\proXAMPP\mysql\data\ibtmp1' size is now 12 MB.
2024-06-12 22:07:08 0 [Note] InnoDB: Waiting for purge to start
2024-06-12 22:07:08 0 [Note] InnoDB: 10.4.32 started; log sequence number 300700; transaction id 170
2024-06-12 22:07:08 0 [Note] InnoDB: Loading buffer pool(s) from D:\proXAMPP\mysql\data\ib_buffer_pool
2024-06-12 22:07:08 0 [Note] Plugin 'FEEDBACK' is disabled.
2024-06-12 22:07:08 0 [Note] InnoDB: Buffer pool(s) load completed at 240612 22:07:08
2024-06-12 22:07:08 0 [Note] Server socket created on IP: '::'.
2024-06-14 11:54:21 0 [Note] Starting MariaDB 10.4.32-MariaDB source revision c4143f909528e3fab0677a28631d10389354c491 as process 1964
2024-06-14 11:54:21 0 [Note] InnoDB: Mutexes and rw_locks use Windows interlocked functions
2024-06-14 11:54:21 0 [Note] InnoDB: Uses event mutexes
2024-06-14 11:54:21 0 [Note] InnoDB: Compressed tables use zlib 1.3
2024-06-14 11:54:21 0 [Note] InnoDB: Number of pools: 1
2024-06-14 11:54:21 0 [Note] InnoDB: Using SSE2 crc32 instructions
2024-06-14 11:54:21 0 [Note] InnoDB: Initializing buffer pool, total size = 16M, instances = 1, chunk size = 16M
2024-06-14 11:54:21 0 [Note] InnoDB: Completed initialization of buffer pool
2024-06-14 11:54:21 0 [Note] InnoDB: Starting crash recovery from checkpoint LSN=300709
2024-06-14 11:54:22 0 [Note] InnoDB: 128 out of 128 rollback segments are active.
2024-06-14 11:54:22 0 [Note] InnoDB: Removed temporary tablespace data file: "ibtmp1"
2024-06-14 11:54:22 0 [Note] InnoDB: Creating shared tablespace for temporary tables
2024-06-14 11:54:22 0 [Note] InnoDB: Setting file 'D:\proXAMPP\mysql\data\ibtmp1' size to 12 MB. Physically writing the file full; Please wait ...
2024-06-14 11:54:22 0 [Note] InnoDB: File 'D:\proXAMPP\mysql\data\ibtmp1' size is now 12 MB.
2024-06-14 11:54:22 0 [Note] InnoDB: Waiting for purge to start
2024-06-14 11:54:22 0 [Note] InnoDB: 10.4.32 started; log sequence number 300718; transaction id 170
2024-06-14 11:54:22 0 [Note] Plugin 'FEEDBACK' is disabled.
2024-06-14 11:54:22 0 [Note] InnoDB: Loading buffer pool(s) from D:\proXAMPP\mysql\data\ib_buffer_pool
2024-06-14 11:54:22 0 [Note] InnoDB: Buffer pool(s) load completed at 240614 11:54:22
2024-06-14 11:54:22 0 [Note] Server socket created on IP: '::'.
2024-06-14 21:54:15 0 [Note] Starting MariaDB 10.4.32-MariaDB source revision c4143f909528e3fab0677a28631d10389354c491 as process 19688
2024-06-14 21:54:15 0 [Note] InnoDB: Mutexes and rw_locks use Windows interlocked functions
2024-06-14 21:54:15 0 [Note] InnoDB: Uses event mutexes
2024-06-14 21:54:15 0 [Note] InnoDB: Compressed tables use zlib 1.3
2024-06-14 21:54:15 0 [Note] InnoDB: Number of pools: 1
2024-06-14 21:54:15 0 [Note] InnoDB: Using SSE2 crc32 instructions
2024-06-14 21:54:15 0 [Note] InnoDB: Initializing buffer pool, total size = 16M, instances = 1, chunk size = 16M
2024-06-14 21:54:15 0 [Note] InnoDB: Completed initialization of buffer pool
2024-06-14 21:54:15 0 [Note] InnoDB: Starting crash recovery from checkpoint LSN=300727
2024-06-14 21:54:15 0 [Note] InnoDB: 128 out of 128 rollback segments are active.
2024-06-14 21:54:15 0 [Note] InnoDB: Removed temporary tablespace data file: "ibtmp1"
2024-06-14 21:54:15 0 [Note] InnoDB: Creating shared tablespace for temporary tables
2024-06-14 21:54:15 0 [Note] InnoDB: Setting file 'D:\proXAMPP\mysql\data\ibtmp1' size to 12 MB. Physically writing the file full; Please wait ...
2024-06-14 21:54:15 0 [Note] InnoDB: File 'D:\proXAMPP\mysql\data\ibtmp1' size is now 12 MB.
2024-06-14 21:54:15 0 [Note] InnoDB: Waiting for purge to start
2024-06-14 21:54:15 0 [Note] InnoDB: 10.4.32 started; log sequence number 300736; transaction id 170
2024-06-14 21:54:15 0 [Note] InnoDB: Loading buffer pool(s) from D:\proXAMPP\mysql\data\ib_buffer_pool
2024-06-14 21:54:15 0 [Note] Plugin 'FEEDBACK' is disabled.
2024-06-14 21:54:15 0 [Note] InnoDB: Buffer pool(s) load completed at 240614 21:54:15
2024-06-14 21:54:15 0 [Note] Server socket created on IP: '::'.
2024-06-15 20:46:41 0 [Note] Starting MariaDB 10.4.32-MariaDB source revision c4143f909528e3fab0677a28631d10389354c491 as process 12884
2024-06-15 20:46:41 0 [Note] InnoDB: Mutexes and rw_locks use Windows interlocked functions
2024-06-15 20:46:41 0 [Note] InnoDB: Uses event mutexes
2024-06-15 20:46:41 0 [Note] InnoDB: Compressed tables use zlib 1.3
2024-06-15 20:46:41 0 [Note] InnoDB: Number of pools: 1
2024-06-15 20:46:41 0 [Note] InnoDB: Using SSE2 crc32 instructions
2024-06-15 20:46:41 0 [Note] InnoDB: Initializing buffer pool, total size = 16M, instances = 1, chunk size = 16M
2024-06-15 20:46:41 0 [Note] InnoDB: Completed initialization of buffer pool
2024-06-15 20:46:41 0 [Note] InnoDB: Starting crash recovery from checkpoint LSN=300745
2024-06-15 20:46:41 0 [Note] InnoDB: 128 out of 128 rollback segments are active.
2024-06-15 20:46:41 0 [Note] InnoDB: Removed temporary tablespace data file: "ibtmp1"
2024-06-15 20:46:41 0 [Note] InnoDB: Creating shared tablespace for temporary tables
2024-06-15 20:46:41 0 [Note] InnoDB: Setting file 'D:\proXAMPP\mysql\data\ibtmp1' size to 12 MB. Physically writing the file full; Please wait ...
2024-06-15 20:46:41 0 [Note] InnoDB: File 'D:\proXAMPP\mysql\data\ibtmp1' size is now 12 MB.
2024-06-15 20:46:42 0 [Note] InnoDB: Waiting for purge to start
2024-06-15 20:46:42 0 [Note] InnoDB: 10.4.32 started; log sequence number 300754; transaction id 170
2024-06-15 20:46:42 0 [Note] InnoDB: Loading buffer pool(s) from D:\proXAMPP\mysql\data\ib_buffer_pool
2024-06-15 20:46:42 0 [Note] Plugin 'FEEDBACK' is disabled.
2024-06-15 20:46:42 0 [Note] InnoDB: Buffer pool(s) load completed at 240615 20:46:42
2024-06-15 20:46:42 0 [Note] Server socket created on IP: '::'.
2024-06-15 20:46:51 0 [Note] Starting MariaDB 10.4.32-MariaDB source revision c4143f909528e3fab0677a28631d10389354c491 as process 15840
2024-06-15 20:46:51 0 [Note] InnoDB: Mutexes and rw_locks use Windows interlocked functions
2024-06-15 20:46:51 0 [Note] InnoDB: Uses event mutexes
2024-06-15 20:46:51 0 [Note] InnoDB: Compressed tables use zlib 1.3
2024-06-15 20:46:51 0 [Note] InnoDB: Number of pools: 1
2024-06-15 20:46:51 0 [Note] InnoDB: Using SSE2 crc32 instructions
2024-06-15 20:46:51 0 [Note] InnoDB: Initializing buffer pool, total size = 16M, instances = 1, chunk size = 16M
2024-06-15 20:46:51 0 [Note] InnoDB: Completed initialization of buffer pool
2024-06-15 20:46:51 0 [Note] InnoDB: Starting crash recovery from checkpoint LSN=300745
2024-06-15 20:46:51 0 [Note] InnoDB: 128 out of 128 rollback segments are active.
2024-06-15 20:46:51 0 [Note] InnoDB: Removed temporary tablespace data file: "ibtmp1"
2024-06-15 20:46:51 0 [Note] InnoDB: Creating shared tablespace for temporary tables
2024-06-15 20:46:51 0 [Note] InnoDB: Setting file 'D:\proXAMPP\mysql\data\ibtmp1' size to 12 MB. Physically writing the file full; Please wait ...
2024-06-15 20:46:51 0 [Note] InnoDB: File 'D:\proXAMPP\mysql\data\ibtmp1' size is now 12 MB.
2024-06-15 20:46:51 0 [Note] InnoDB: Waiting for purge to start
2024-06-15 20:46:51 0 [Note] InnoDB: 10.4.32 started; log sequence number 300754; transaction id 170
2024-06-15 20:46:51 0 [Note] InnoDB: Loading buffer pool(s) from D:\proXAMPP\mysql\data\ib_buffer_pool
2024-06-15 20:46:51 0 [Note] Plugin 'FEEDBACK' is disabled.
2024-06-15 20:46:51 0 [Note] Server socket created on IP: '::'.
2024-06-15 20:46:51 0 [Note] InnoDB: Buffer pool(s) load completed at 240615 20:46:52024-06-19  0:04:36 0 [Note] Starting MariaDB 10.4.32-MariaDB source revision c4143f909528e3fab0677a28631d10389354c491 as process 12552
2024-06-19  0:04:36 0 [Note] InnoDB: Mutexes and rw_locks use Windows interlocked functions
2024-06-19  0:04:36 0 [Note] InnoDB: Uses event mutexes
2024-06-19  0:04:36 0 [Note] InnoDB: Compressed tables use zlib 1.3
2024-06-19  0:04:36 0 [Note] InnoDB: Number of pools: 1
2024-06-19  0:04:36 0 [Note] InnoDB: Using SSE2 crc32 instructions
2024-06-19  0:04:36 0 [Note] InnoDB: Initializing buffer pool, total size = 16M, instances = 1, chunk size = 16M
2024-06-19  0:04:36 0 [Note] InnoDB: Completed initialization of buffer pool
2024-06-19  0:04:36 0 [Note] InnoDB: Starting crash recovery from checkpoint LSN=300763
2024-06-19  0:04:37 0 [Note] InnoDB: 128 out of 128 rollback segments are active.
2024-06-19  0:04:37 0 [Note] InnoDB: Removed temporary tablespace data file: "ibtmp1"
2024-06-19  0:04:37 0 [Note] InnoDB: Creating shared tablespace for temporary tables
2024-06-19  0:04:37 0 [Note] InnoDB: Setting file 'D:\proXAMPP\mysql\data\ibtmp1' size to 12 MB. Physically writing the file full; Please wait ...
2024-06-19  0:04:37 0 [Note] InnoDB: File 'D:\proXAMPP\mysql\data\ibtmp1' size is now 12 MB.
2024-06-19  0:04:37 0 [Note] InnoDB: Waiting for purge to start
2024-06-19  0:04:37 0 [Note] InnoDB: 10.4.32 started; log sequence number 300772; transaction id 170
2024-06-19  0:04:37 0 [Note] InnoDB: Loading buffer pool(s) from D:\proXAMPP\mysql\data\ib_buffer_pool
2024-06-19  0:04:37 0 [Note] Plugin 'FEEDBACK' is disabled.
2024-06-19  0:04:37 0 [Note] InnoDB: Buffer pool(s) load completed at 240619  0:04:37
2024-06-19  0:04:37 0 [Note] Server socket created on IP: '::'.
2024-06-21 18:17:56 0 [Note] Starting MariaDB 10.4.32-MariaDB source revision c4143f909528e3fab0677a28631d10389354c491 as process 16448
2024-06-21 18:17:56 0 [Note] InnoDB: Mutexes and rw_locks use Windows interlocked functions
2024-06-21 18:17:56 0 [Note] InnoDB: Uses event mutexes
2024-06-21 18:17:56 0 [Note] InnoDB: Compressed tables use zlib 1.3
2024-06-21 18:17:56 0 [Note] InnoDB: Number of pools: 1
2024-06-21 18:17:56 0 [Note] InnoDB: Using SSE2 crc32 instructions
2024-06-21 18:17:56 0 [Note] InnoDB: Initializing buffer pool, total size = 16M, instances = 1, chunk size = 16M
2024-06-21 18:17:56 0 [Note] InnoDB: Completed initialization of buffer pool
2024-06-21 18:17:56 0 [Note] InnoDB: Starting crash recovery from checkpoint LSN=300781
2024-06-21 18:17:57 0 [Note] InnoDB: 128 out of 128 rollback segments are active.
2024-06-21 18:17:57 0 [Note] InnoDB: Removed temporary tablespace data file: "ibtmp1"
2024-06-21 18:17:57 0 [Note] InnoDB: Creating shared tablespace for temporary tables
2024-06-21 18:17:57 0 [Note] InnoDB: Setting file 'D:\proXAMPP\mysql\data\ibtmp1' size to 12 MB. Physically writing the file full; Please wait ...
2024-06-21 18:17:57 0 [Note] InnoDB: File 'D:\proXAMPP\mysql\data\ibtmp1' size is now 12 MB.
2024-06-21 18:17:57 0 [Note] InnoDB: Waiting for purge to start
2024-06-21 18:17:57 0 [Note] InnoDB: 10.4.32 started; log sequence number 300790; transaction id 170
2024-06-21 18:17:57 0 [Note] Plugin 'FEEDBACK' is disabled.
2024-06-21 18:17:57 0 [Note] InnoDB: Loading buffer pool(s) from D:\proXAMPP\mysql\data\ib_buffer_pool
2024-06-21 18:17:57 0 [Note] InnoDB: Buffer pool(s) load completed at 240621 18:17:57
2024-06-21 18:17:57 0 [Note] Server socket created on IP: '::'.
